<?xml version="1.0" encoding="UTF-8"?>
<testng-results ignored="0" total="1" passed="1" failed="0" skipped="0">
  <reporter-output>
  </reporter-output>
  <suite started-at="2023-03-29T17:26:33 IST" name="Default suite" finished-at="2023-03-29T17:26:42 IST" duration-ms="9385">
    <groups>
    </groups>
    <test started-at="2023-03-29T17:26:33 IST" name="Default test" finished-at="2023-03-29T17:26:42 IST" duration-ms="9385">
      <class name="practicePackage.SpiceJet">
        <test-method signature="selectDate()[pri:0, instance:practicePackage.SpiceJet@3514a4c0]" started-at="2023-03-29T17:26:33 IST" name="selectDate" finished-at="2023-03-29T17:26:42 IST" duration-ms="9358" status="PASS">
          <reporter-output>
          </reporter-output>
        </test-method> <!-- selectDate -->
      </class> <!-- practicePackage.SpiceJet -->
    </test> <!-- Default test -->
  </suite> <!-- Default suite -->
</testng-results>
